  Application.cpp
c:\users\alexa\desktop\project-1\prototype\code\WinScreen.h(11): warning C4099: 'Path': type name first seen using 'class' now seen using 'struct'
  c:\users\alexa\desktop\project-1\prototype\code\Path.h(15): note: see declaration of 'Path'
c:\users\alexa\desktop\project-1\prototype\code\ModuleSceneTemple.h(55): warning C4305: 'initializing': truncation from 'double' to 'float'
c:\users\alexa\desktop\project-1\prototype\code\ModuleSceneTemple.h(56): warning C4244: 'initializing': conversion from 'double' to 'float', possible loss of data
  CharSelec.cpp
c:\users\alexa\desktop\project-1\prototype\code\ModuleSceneTemple.h(55): warning C4305: 'initializing': truncation from 'double' to 'float'
c:\users\alexa\desktop\project-1\prototype\code\ModuleSceneTemple.h(56): warning C4244: 'initializing': conversion from 'double' to 'float', possible loss of data
CharSelec.cpp(102): warning C4145: '&&': relational expression as switch expression; possible confusion with '&'
CharSelec.cpp(146): warning C4244: '+=': conversion from 'float' to 'int', possible loss of data
CharSelec.cpp(152): warning C4244: '+=': conversion from 'float' to 'int', possible loss of data
CharSelec.cpp(211): warning C4244: '+=': conversion from 'float' to 'int', possible loss of data
CharSelec.cpp(215): warning C4244: '+=': conversion from 'float' to 'int', possible loss of data
CharSelec.cpp(235): warning C4244: '+=': conversion from 'float' to 'int', possible loss of data
CharSelec.cpp(239): warning C4244: '+=': conversion from 'float' to 'int', possible loss of data
CharSelec.cpp(254): warning C4244: '+=': conversion from 'float' to 'int', possible loss of data
CharSelec.cpp(258): warning C4244: '+=': conversion from 'float' to 'int', possible loss of data
CharSelec.cpp(272): warning C4244: '+=': conversion from 'float' to 'int', possible loss of data
CharSelec.cpp(276): warning C4244: '+=': conversion from 'float' to 'int', possible loss of data
  DEMONPEGTOP.cpp
  DEMONWHEEL.cpp
  ModuleAyin.cpp
c:\users\alexa\desktop\project-1\prototype\code\ModuleSceneTemple.h(55): warning C4305: 'initializing': truncation from 'double' to 'float'
c:\users\alexa\desktop\project-1\prototype\code\ModuleSceneTemple.h(56): warning C4244: 'initializing': conversion from 'double' to 'float', possible loss of data
ModuleAyin.cpp(123): warning C4244: '=': conversion from 'int' to 'float', possible loss of data
ModuleAyin.cpp(124): warning C4244: '=': conversion from 'int' to 'float', possible loss of data
ModuleAyin.cpp(203): warning C4244: 'argument': conversion from 'float' to 'int', possible loss of data
ModuleAyin.cpp(207): warning C4244: 'argument': conversion from 'float' to 'int', possible loss of data
ModuleAyin.cpp(210): warning C4244: 'argument': conversion from 'float' to 'int', possible loss of data
ModuleAyin.cpp(254): warning C4244: 'argument': conversion from 'float' to 'int', possible loss of data
  ModuleKatana.cpp
c:\users\alexa\desktop\project-1\prototype\code\ModuleSceneTemple.h(55): warning C4305: 'initializing': truncation from 'double' to 'float'
c:\users\alexa\desktop\project-1\prototype\code\ModuleSceneTemple.h(56): warning C4244: 'initializing': conversion from 'double' to 'float', possible loss of data
ModuleKatana.cpp(135): warning C4244: '=': conversion from 'int' to 'float', possible loss of data
ModuleKatana.cpp(136): warning C4244: '=': conversion from 'int' to 'float', possible loss of data
ModuleKatana.cpp(226): warning C4244: 'argument': conversion from 'float' to 'int', possible loss of data
ModuleKatana.cpp(230): warning C4244: 'argument': conversion from 'float' to 'int', possible loss of data
ModuleKatana.cpp(233): warning C4244: 'argument': conversion from 'float' to 'int', possible loss of data
ModuleKatana.cpp(289): warning C4244: 'argument': conversion from 'float' to 'int', possible loss of data
ModuleKatana.cpp(290): warning C4244: 'argument': conversion from 'float' to 'int', possible loss of data
ModuleKatana.cpp(293): warning C4244: 'argument': conversion from 'float' to 'int', possible loss of data
ModuleKatana.cpp(296): warning C4244: 'argument': conversion from 'float' to 'int', possible loss of data
ModuleKatana.cpp(304): warning C4244: '=': conversion from 'int' to 'float', possible loss of data
ModuleKatana.cpp(307): warning C4244: '=': conversion from 'int' to 'float', possible loss of data
ModuleKatana.cpp(487): warning C4244: 'argument': conversion from 'float' to 'int', possible loss of data
ModuleKatana.cpp(496): warning C4244: 'argument': conversion from 'float' to 'int', possible loss of data
  ModuleKatanaArrow.cpp
c:\users\alexa\desktop\project-1\prototype\code\ModuleSceneTemple.h(55): warning C4305: 'initializing': truncation from 'double' to 'float'
c:\users\alexa\desktop\project-1\prototype\code\ModuleSceneTemple.h(56): warning C4244: 'initializing': conversion from 'double' to 'float', possible loss of data
ModuleKatanaArrow.cpp(127): warning C4244: 'argument': conversion from 'float' to 'int', possible loss of data
ModuleKatanaArrow.cpp(130): warning C4244: 'argument': conversion from 'float' to 'int', possible loss of data
ModuleKatanaArrow.cpp(132): warning C4244: 'argument': conversion from 'float' to 'int', possible loss of data
ModuleKatanaArrow.cpp(133): warning C4244: 'argument': conversion from 'float' to 'int', possible loss of data
ModuleKatanaArrow.cpp(134): warning C4244: 'argument': conversion from 'float' to 'int', possible loss of data
ModuleKatanaArrow.cpp(135): warning C4244: 'argument': conversion from 'float' to 'int', possible loss of data
ModuleKatanaArrow.cpp(147): warning C4244: 'argument': conversion from 'float' to 'int', possible loss of data
ModuleKatanaArrow.cpp(150): warning C4244: 'argument': conversion from 'float' to 'int', possible loss of data
ModuleKatanaArrow.cpp(281): warning C4244: 'argument': conversion from 'float' to 'int', possible loss of data
  red.cpp
  Enemy.cpp
  Fish.cpp
  Globals.cpp
  GREEN.cpp
  GREEN2.cpp
  Main.cpp
  ModuleAudio.cpp
  ModuleCollision.cpp
  ModuleEnemies.cpp
c:\users\alexa\desktop\project-1\prototype\code\ModuleSceneTemple.h(55): warning C4305: 'initializing': truncation from 'double' to 'float'
c:\users\alexa\desktop\project-1\prototype\code\ModuleSceneTemple.h(56): warning C4244: 'initializing': conversion from 'double' to 'float', possible loss of data
  ModuleFadeToBlack.cpp
  ModuleFonts.cpp
  ModuleInput.cpp
  Compiling...
  ModuleParticles.cpp
c:\users\alexa\desktop\project-1\prototype\code\ModuleSceneTemple.h(55): warning C4305: 'initializing': truncation from 'double' to 'float'
c:\users\alexa\desktop\project-1\prototype\code\ModuleSceneTemple.h(56): warning C4244: 'initializing': conversion from 'double' to 'float', possible loss of data
ModuleParticles.cpp(124): warning C4244: '=': conversion from 'float' to 'int', possible loss of data
ModuleParticles.cpp(158): warning C4305: '=': truncation from 'double' to 'float'
  ModulePlayer.cpp
C:\Program Files (x86)\Microsoft Visual Studio\2017\Community\VC\Tools\MSVC\14.12.25827\include\xlocale(313): warning C4530: C++ exception handler used, but unwind semantics are not enabled. Specify /EHsc
ModulePlayer.cpp(275): warning C4244: 'argument': conversion from 'float' to 'int', possible loss of data
  ModulePlayer2.cpp
C:\Program Files (x86)\Microsoft Visual Studio\2017\Community\VC\Tools\MSVC\14.12.25827\include\xlocale(313): warning C4530: C++ exception handler used, but unwind semantics are not enabled. Specify /EHsc
ModulePlayer2.cpp(208): warning C4244: 'argument': conversion from 'float' to 'int', possible loss of data
  ModulePowerUPS.cpp
  ModuleRender.cpp
  ModuleSceneAir.cpp
  ModuleSceneLoose.cpp
  ModuleSceneTemple.cpp
c:\users\alexa\desktop\project-1\prototype\code\WinScreen.h(11): warning C4099: 'Path': type name first seen using 'class' now seen using 'struct'
  c:\users\alexa\desktop\project-1\prototype\code\Path.h(15): note: see declaration of 'Path'
c:\users\alexa\desktop\project-1\prototype\code\ModuleSceneTemple.h(55): warning C4305: 'initializing': truncation from 'double' to 'float'
c:\users\alexa\desktop\project-1\prototype\code\ModuleSceneTemple.h(56): warning C4244: 'initializing': conversion from 'double' to 'float', possible loss of data
ModuleSceneTemple.cpp(99): warning C4244: 'argument': conversion from 'double' to 'float', possible loss of data
ModuleSceneTemple.cpp(99): warning C4244: 'argument': conversion from 'float' to 'int', possible loss of data
ModuleSceneTemple.cpp(100): warning C4244: 'argument': conversion from 'double' to 'float', possible loss of data
ModuleSceneTemple.cpp(100): warning C4244: 'argument': conversion from 'float' to 'int', possible loss of data
ModuleSceneTemple.cpp(104): warning C4244: 'argument': conversion from 'double' to 'float', possible loss of data
ModuleSceneTemple.cpp(104): warning C4244: 'argument': conversion from 'float' to 'int', possible loss of data
ModuleSceneTemple.cpp(105): warning C4244: 'argument': conversion from 'double' to 'float', possible loss of data
ModuleSceneTemple.cpp(105): warning C4244: 'argument': conversion from 'float' to 'int', possible loss of data
ModuleSceneTemple.cpp(112): warning C4305: '-=': truncation from 'double' to 'float'
ModuleSceneTemple.cpp(113): warning C4305: '-=': truncation from 'double' to 'float'
ModuleSceneTemple.cpp(137): warning C4244: '-=': conversion from 'double' to 'float', possible loss of data
ModuleSceneTemple.cpp(138): warning C4244: '-=': conversion from 'double' to 'float', possible loss of data
ModuleSceneTemple.cpp(140): warning C4244: '-=': conversion from 'double' to 'float', possible loss of data
ModuleSceneTemple.cpp(141): warning C4244: '-=': conversion from 'double' to 'float', possible loss of data
ModuleSceneTemple.cpp(189): warning C4244: '+=': conversion from 'double' to 'float', possible loss of data
ModuleSceneTemple.cpp(192): warning C4244: '+=': conversion from 'float' to 'int', possible loss of data
  ModuleSceneWater.cpp
c:\users\alexa\desktop\project-1\prototype\code\WinScreen.h(11): warning C4099: 'Path': type name first seen using 'class' now seen using 'struct'
  c:\users\alexa\desktop\project-1\prototype\code\Path.h(15): note: see declaration of 'Path'
ModuleSceneWater.cpp(145): warning C4305: '=': truncation from 'double' to 'float'
  ModuleTextures.cpp
  ModuleWelcomeScreen.cpp
c:\users\alexa\desktop\project-1\prototype\code\WinScreen.h(11): warning C4099: 'Path': type name first seen using 'class' now seen using 'struct'
  c:\users\alexa\desktop\project-1\prototype\code\Path.h(15): note: see declaration of 'Path'
c:\users\alexa\desktop\project-1\prototype\code\ModuleSceneTemple.h(55): warning C4305: 'initializing': truncation from 'double' to 'float'
c:\users\alexa\desktop\project-1\prototype\code\ModuleSceneTemple.h(56): warning C4244: 'initializing': conversion from 'double' to 'float', possible loss of data
  ModuleWindow.cpp
  OrientalGenius.cpp
  WinScreen.cpp
c:\users\alexa\desktop\project-1\prototype\code\WinScreen.h(11): warning C4099: 'Path': type name first seen using 'class' now seen using 'struct'
  c:\users\alexa\desktop\project-1\prototype\code\Path.h(15): note: see declaration of 'Path'
WinScreen.cpp(44): warning C4244: '=': conversion from 'int' to 'float', possible loss of data
WinScreen.cpp(45): warning C4244: '=': conversion from 'int' to 'float', possible loss of data
WinScreen.cpp(46): warning C4244: '=': conversion from 'int' to 'float', possible loss of data
WinScreen.cpp(76): warning C4244: '=': conversion from 'int' to 'float', possible loss of data
WinScreen.cpp(90): warning C4244: '=': conversion from 'int' to 'float', possible loss of data
WinScreen.cpp(91): warning C4244: '=': conversion from 'int' to 'float', possible loss of data
WinScreen.cpp(92): warning C4244: '=': conversion from 'int' to 'float', possible loss of data
WinScreen.cpp(96): warning C4305: 'argument': truncation from 'double' to 'float'
WinScreen.cpp(123): warning C4244: 'argument': conversion from 'float' to 'int', possible loss of data
WinScreen.cpp(128): warning C4244: 'argument': conversion from 'float' to 'int', possible loss of data
  Generating code
c:\users\alexa\desktop\project-1\prototype\code\modulesceneair.cpp(332): warning C4715: 'ModuleSceneAir::loadMapTextures': not all control paths return a value
  All 298 functions were compiled because no usable IPDB/IOBJ from previous compilation was found.
  Finished generating code
  SDL Game.vcxproj -> C:\Users\alexa\Desktop\Project-1\Prototype\Code\Release\SDL6 Handout.exe
