c:\users\wolfs\onedrive\documentos\github\project-1\prototype\code\release\vc141.pdb
c:\users\wolfs\onedrive\documentos\github\project-1\prototype\code\release\modulewindow.obj
c:\users\wolfs\onedrive\documentos\github\project-1\prototype\code\release\modulewelcomescreen.obj
c:\users\wolfs\onedrive\documentos\github\project-1\prototype\code\release\moduletextures.obj
c:\users\wolfs\onedrive\documentos\github\project-1\prototype\code\release\modulesceneair.obj
c:\users\wolfs\onedrive\documentos\github\project-1\prototype\code\release\modulerender.obj
c:\users\wolfs\onedrive\documentos\github\project-1\prototype\code\release\moduleplayer.obj
c:\users\wolfs\onedrive\documentos\github\project-1\prototype\code\release\moduleparticles.obj
c:\users\wolfs\onedrive\documentos\github\project-1\prototype\code\release\moduleinput.obj
c:\users\wolfs\onedrive\documentos\github\project-1\prototype\code\release\modulefadetoblack.obj
c:\users\wolfs\onedrive\documentos\github\project-1\prototype\code\release\modulebackground.obj
c:\users\wolfs\onedrive\documentos\github\project-1\prototype\code\release\moduleaudio.obj
c:\users\wolfs\onedrive\documentos\github\project-1\prototype\code\release\main.obj
c:\users\wolfs\onedrive\documentos\github\project-1\prototype\code\release\globals.obj
c:\users\wolfs\onedrive\documentos\github\project-1\prototype\code\release\application.obj
c:\users\wolfs\desktop\inestables\prototype\code\release\vc141.pdb
c:\users\wolfs\desktop\inestables\prototype\code\release\modulewindow.obj
c:\users\wolfs\desktop\inestables\prototype\code\release\modulewelcomescreen.obj
c:\users\wolfs\desktop\inestables\prototype\code\release\moduletextures.obj
c:\users\wolfs\desktop\inestables\prototype\code\release\modulescenewater.obj
c:\users\wolfs\desktop\inestables\prototype\code\release\modulesceneair.obj
c:\users\wolfs\desktop\inestables\prototype\code\release\modulebackground.obj
c:\users\wolfs\desktop\inestables\prototype\code\release\modulerender.obj
c:\users\wolfs\desktop\inestables\prototype\code\release\moduleplayer.obj
c:\users\wolfs\desktop\inestables\prototype\code\release\moduleparticles.obj
c:\users\wolfs\desktop\inestables\prototype\code\release\moduleinput.obj
c:\users\wolfs\desktop\inestables\prototype\code\release\modulefadetoblack.obj
c:\users\wolfs\desktop\inestables\prototype\code\release\moduleaudio.obj
c:\users\wolfs\desktop\inestables\prototype\code\release\main.obj
c:\users\wolfs\desktop\inestables\prototype\code\release\globals.obj
c:\users\wolfs\desktop\inestables\prototype\code\release\application.obj
c:\users\wolfs\onedrive\documentos\github\project-1\prototype\code\release\modulescenewater.obj
c:\users\wolfs\onedrive\documentos\github\project-1\prototype\code\release\modulecollision.obj
c:\users\wolfs\desktop\inestables\prototype\code\game\sdl6 handout.exe
c:\users\wolfs\desktop\inestables\prototype\code\game\sdl6 handout.pdb
c:\users\wolfs\onedrive\documentos\github\project-1\prototype\code\game\sdl6 handout.exe
c:\users\wolfs\onedrive\documentos\github\project-1\prototype\code\game\sdl6 handout.pdb
c:\users\wolfs\onedrive\documentos\github\project-1\prototype\code\release\sdl6 handout.ipdb
c:\users\wolfs\onedrive\documentos\github\project-1\prototype\code\release\sdl6 handout.iobj
c:\users\wolfs\onedrive\documentos\github\project-1\prototype\code\game\sdl6 handout.ipdb
c:\users\wolfs\onedrive\documentos\github\project-1\prototype\code\game\sdl6 handout.iobj
c:\users\wolfs\desktop\inestables\prototype\code\game\sdl6 handout.ipdb
c:\users\wolfs\desktop\inestables\prototype\code\game\sdl6 handout.iobj
c:\users\wolfs\onedrive\documentos\github\project-1\prototype\code\release\sdl6 handout.pdb
c:\users\wolfs\onedrive\documentos\github\project-1\prototype\code\.\game\sdl6 handout.exe
c:\users\wolfs\onedrive\documentos\github\project-1\prototype\code\release\sdl6 handout.tlog\cl.command.1.tlog
c:\users\wolfs\onedrive\documentos\github\project-1\prototype\code\release\sdl6 handout.tlog\cl.read.1.tlog
c:\users\wolfs\onedrive\documentos\github\project-1\prototype\code\release\sdl6 handout.tlog\cl.write.1.tlog
c:\users\wolfs\onedrive\documentos\github\project-1\prototype\code\release\sdl6 handout.tlog\link.command.1.tlog
c:\users\wolfs\onedrive\documentos\github\project-1\prototype\code\release\sdl6 handout.tlog\link.read.1.tlog
c:\users\wolfs\onedrive\documentos\github\project-1\prototype\code\release\sdl6 handout.tlog\link.write.1.tlog
c:\users\wolfs\onedrive\documentos\github\project-1\prototype\code\release\sdl6 handout.tlog\sdl6 handout.write.1u.tlog
