C:\Program Files (x86)\Microsoft Visual Studio\2017\Community\Common7\IDE\VC\VCTargets\Microsoft.CppBuild.targets(387,5): warning MSB8028: The intermediate directory (Debug\) contains files shared from another project (SDL6 Handout.vcxproj).  This can lead to incorrect clean and rebuild behavior.
  ModuleWindow.cpp
  ModuleWelcomeScreen.cpp
  ModuleTextures.cpp
  ModuleSceneWater.cpp
c:\users\alexa\documents\project-1\prototype\code\modulescenewater.cpp(141): warning C4305: '=': truncation from 'double' to 'float'
  ModuleSceneAir.cpp
  ModuleBackground.cpp
  ModuleRender.cpp
  ModulePlayer.cpp
  ModuleParticles.cpp
  ModuleInput.cpp
  ModuleFadeToBlack.cpp
  ModuleEnemies.cpp
  ModuleCollision.cpp
  ModuleAudio.cpp
  Main.cpp
  Globals.cpp
  Enemy.cpp
  Application.cpp
  Generating Code...
c:\users\alexa\documents\project-1\prototype\code\modulesceneair.cpp(332): warning C4715: 'ModuleSceneAir::loadMapTextures': not all control paths return a value
  SDL Game.vcxproj -> C:\Users\alexa\Documents\Project-1\Prototype\Code\Debug\SDL6 Handout.exe
