  Application.cpp
d:\upc citm\project-1\tengai_sengoku_blade\code\WinScreen.h(11): warning C4099: 'Path': nombre de tipo visto anteriormente usando 'class' ahora se ve usando 'struct'
  d:\upc citm\project-1\tengai_sengoku_blade\code\Path.h(15): note: vea la declaración de 'Path'
d:\upc citm\project-1\tengai_sengoku_blade\code\ModuleSceneTemple.h(55): warning C4305: 'inicializando': truncamiento de 'double' a 'float'
d:\upc citm\project-1\tengai_sengoku_blade\code\ModuleSceneTemple.h(56): warning C4244: 'inicializando': conversión de 'double' a 'float'; posible pérdida de datos
  DEMONPEGTOP.cpp
d:\upc citm\project-1\tengai_sengoku_blade\code\ModuleSceneTemple.h(55): warning C4305: 'inicializando': truncamiento de 'double' a 'float'
d:\upc citm\project-1\tengai_sengoku_blade\code\ModuleSceneTemple.h(56): warning C4244: 'inicializando': conversión de 'double' a 'float'; posible pérdida de datos
DEMONPEGTOP.cpp(97): warning C4244: '+=': conversión de 'float' a 'int'; posible pérdida de datos
DEMONPEGTOP.cpp(105): warning C4244: '+=': conversión de 'float' a 'int'; posible pérdida de datos
DEMONPEGTOP.cpp(115): warning C4244: '+=': conversión de 'float' a 'int'; posible pérdida de datos
DEMONPEGTOP.cpp(138): error C2601: 'DEMONPEGTOP::PerformActions': las definiciones de funciones locales no son válidas
  DEMONPEGTOP.cpp(78): note: esta línea contiene un elemento '{' y no se ha encontrado su elemento de cierre
DEMONPEGTOP.cpp(168): error C2601: 'DEMONPEGTOP::ShotActive': las definiciones de funciones locales no son válidas
  DEMONPEGTOP.cpp(78): note: esta línea contiene un elemento '{' y no se ha encontrado su elemento de cierre
DEMONPEGTOP.cpp(78): fatal error C1075: el elemento llave '{' de la izquierda estaba sin asignar al final del archivo
  DEMONWHEEL.cpp
  ModuleAyin.cpp
d:\upc citm\project-1\tengai_sengoku_blade\code\ModuleSceneTemple.h(55): warning C4305: 'inicializando': truncamiento de 'double' a 'float'
d:\upc citm\project-1\tengai_sengoku_blade\code\ModuleSceneTemple.h(56): warning C4244: 'inicializando': conversión de 'double' a 'float'; posible pérdida de datos
ModuleAyin.cpp(171): warning C4244: '=': conversión de 'int' a 'float'; posible pérdida de datos
ModuleAyin.cpp(172): warning C4244: '=': conversión de 'int' a 'float'; posible pérdida de datos
ModuleAyin.cpp(175): warning C4244: '=': conversión de 'int' a 'float'; posible pérdida de datos
ModuleAyin.cpp(176): warning C4244: '=': conversión de 'int' a 'float'; posible pérdida de datos
ModuleAyin.cpp(276): warning C4244: 'argumento': conversión de 'float' a 'int'; posible pérdida de datos
ModuleAyin.cpp(279): warning C4244: 'argumento': conversión de 'float' a 'int'; posible pérdida de datos
ModuleAyin.cpp(282): warning C4244: 'argumento': conversión de 'float' a 'int'; posible pérdida de datos
ModuleAyin.cpp(288): warning C4244: 'argumento': conversión de 'float' a 'int'; posible pérdida de datos
ModuleAyin.cpp(291): warning C4244: 'argumento': conversión de 'float' a 'int'; posible pérdida de datos
ModuleAyin.cpp(294): warning C4244: 'argumento': conversión de 'float' a 'int'; posible pérdida de datos
ModuleAyin.cpp(299): warning C4244: 'argumento': conversión de 'float' a 'int'; posible pérdida de datos
ModuleAyin.cpp(302): warning C4244: 'argumento': conversión de 'float' a 'int'; posible pérdida de datos
ModuleAyin.cpp(305): warning C4244: 'argumento': conversión de 'float' a 'int'; posible pérdida de datos
ModuleAyin.cpp(363): warning C4244: 'argumento': conversión de 'float' a 'int'; posible pérdida de datos
ModuleAyin.cpp(366): warning C4244: 'argumento': conversión de 'float' a 'int'; posible pérdida de datos
ModuleAyin.cpp(370): warning C4244: 'argumento': conversión de 'float' a 'int'; posible pérdida de datos
ModuleAyin.cpp(378): warning C4244: '=': conversión de 'int' a 'float'; posible pérdida de datos
ModuleAyin.cpp(382): warning C4244: '=': conversión de 'int' a 'float'; posible pérdida de datos
ModuleAyin.cpp(516): warning C4244: '=': conversión de 'int' a 'float'; posible pérdida de datos
ModuleAyin.cpp(517): warning C4244: '=': conversión de 'int' a 'float'; posible pérdida de datos
ModuleAyin.cpp(623): warning C4244: 'argumento': conversión de 'float' a 'int'; posible pérdida de datos
ModuleAyin.cpp(632): warning C4244: 'argumento': conversión de 'float' a 'int'; posible pérdida de datos
  red.cpp
  Fish.cpp
  GREEN.cpp
  GREEN2.cpp
  ModuleEnemies.cpp
d:\upc citm\project-1\tengai_sengoku_blade\code\ModuleSceneTemple.h(55): warning C4305: 'inicializando': truncamiento de 'double' a 'float'
d:\upc citm\project-1\tengai_sengoku_blade\code\ModuleSceneTemple.h(56): warning C4244: 'inicializando': conversión de 'double' a 'float'; posible pérdida de datos
ModuleEnemies.cpp(244): warning C4244: '=': conversión de 'float' a 'int'; posible pérdida de datos
ModuleEnemies.cpp(246): warning C4244: 'argumento': conversión de 'float' a 'int'; posible pérdida de datos
ModuleEnemies.cpp(267): warning C4244: '=': conversión de 'float' a 'int'; posible pérdida de datos
ModuleEnemies.cpp(269): warning C4244: 'argumento': conversión de 'float' a 'int'; posible pérdida de datos
ModuleEnemies.cpp(317): warning C4244: '=': conversión de 'float' a 'int'; posible pérdida de datos
ModuleEnemies.cpp(319): warning C4244: 'argumento': conversión de 'float' a 'int'; posible pérdida de datos
ModuleEnemies.cpp(331): warning C4244: '=': conversión de 'float' a 'int'; posible pérdida de datos
ModuleEnemies.cpp(333): warning C4244: 'argumento': conversión de 'float' a 'int'; posible pérdida de datos
  OrientalGenius.cpp
  SHARPENER_KNIFE.cpp
d:\upc citm\project-1\tengai_sengoku_blade\code\ModuleSceneTemple.h(55): warning C4305: 'inicializando': truncamiento de 'double' a 'float'
d:\upc citm\project-1\tengai_sengoku_blade\code\ModuleSceneTemple.h(56): warning C4244: 'inicializando': conversión de 'double' a 'float'; posible pérdida de datos
SHARPENER_KNIFE.cpp(202): warning C4244: '+=': conversión de 'float' a 'int'; posible pérdida de datos
SHARPENER_KNIFE.cpp(217): warning C4244: '+=': conversión de 'float' a 'int'; posible pérdida de datos
SHARPENER_KNIFE.cpp(227): warning C4244: '+=': conversión de 'float' a 'int'; posible pérdida de datos
SHARPENER_KNIFE.cpp(237): warning C4244: '+=': conversión de 'float' a 'int'; posible pérdida de datos
SHARPENER_KNIFE.cpp(274): warning C4244: '+=': conversión de 'float' a 'int'; posible pérdida de datos
SHARPENER_KNIFE.cpp(298): warning C4244: '+=': conversión de 'float' a 'int'; posible pérdida de datos
