c:\users\gerard clotet\documents\github\entrega\project-1\prototype\code\release\vc141.pdb
c:\users\gerard clotet\documents\github\entrega\project-1\prototype\code\release\modulescenewater.obj
c:\users\gerard clotet\documents\github\entrega\project-1\prototype\code\release\modulesceneair.obj
c:\users\gerard clotet\documents\github\entrega\project-1\prototype\code\release\modulebackground.obj
c:\users\gerard clotet\documents\github\entrega\project-1\prototype\code\release\modulerender.obj
c:\users\gerard clotet\documents\github\entrega\project-1\prototype\code\release\modulepowerups.obj
c:\users\gerard clotet\documents\github\entrega\project-1\prototype\code\release\moduleplayer2.obj
c:\users\gerard clotet\documents\github\entrega\project-1\prototype\code\release\moduleplayer.obj
c:\users\gerard clotet\documents\github\entrega\project-1\prototype\code\release\moduleparticles.obj
c:\users\gerard clotet\documents\github\entrega\project-1\prototype\code\release\moduleinput.obj
c:\users\gerard clotet\documents\github\entrega\project-1\prototype\code\release\modulefonts.obj
c:\users\gerard clotet\documents\github\entrega\project-1\prototype\code\release\modulefadetoblack.obj
c:\users\gerard clotet\documents\github\entrega\project-1\prototype\code\release\moduleenemies.obj
c:\users\gerard clotet\documents\github\entrega\project-1\prototype\code\release\modulecollision.obj
c:\users\gerard clotet\documents\github\entrega\project-1\prototype\code\release\moduleaudio.obj
c:\users\gerard clotet\documents\github\entrega\project-1\prototype\code\release\main.obj
c:\users\gerard clotet\documents\github\entrega\project-1\prototype\code\release\green.obj
c:\users\gerard clotet\documents\github\entrega\project-1\prototype\code\release\globals.obj
c:\users\gerard clotet\documents\github\entrega\project-1\prototype\code\release\fish.obj
c:\users\gerard clotet\documents\github\entrega\project-1\prototype\code\release\enemy.obj
c:\users\gerard clotet\documents\github\entrega\project-1\prototype\code\release\application.obj
c:\users\gerard clotet\documents\github\entrega\project-1\prototype\code\release\orientalgenius.obj
c:\users\gerard clotet\documents\github\entrega\project-1\prototype\code\release\modulewindow.obj
c:\users\gerard clotet\documents\github\entrega\project-1\prototype\code\release\modulewelcomescreen.obj
c:\users\gerard clotet\documents\github\entrega\project-1\prototype\code\release\moduletextures.obj
c:\users\gerard clotet\documents\github\entrega\project-1\prototype\code\release\winscreen.obj
c:\users\gerard clotet\documents\github\entrega\project-1\prototype\code\release\green2.obj
c:\users\gerard clotet\documents\github\entrega\project-1\prototype\code\release\modulesceneloose.obj
d:\project-1\prototype\code\release\vc141.pdb
d:\project-1\prototype\code\release\modulebackground.obj
d:\project-1\prototype\code\release\moduleinput.obj
d:\project-1\prototype\code\release\modulefadetoblack.obj
d:\project-1\prototype\code\release\moduleaudio.obj
d:\project-1\prototype\code\release\main.obj
d:\project-1\prototype\code\release\green2.obj
d:\project-1\prototype\code\release\green.obj
d:\project-1\prototype\code\release\globals.obj
d:\project-1\prototype\code\release\fish.obj
d:\project-1\prototype\code\release\enemy.obj
d:\project-1\prototype\code\release\orientalgenius.obj
d:\project-1\prototype\code\release\modulewindow.obj
d:\project-1\prototype\code\release\moduleplayer2.obj
d:\project-1\prototype\code\release\modulecollision.obj
d:\project-1\prototype\code\release\application.obj
d:\project-1\prototype\code\release\winscreen.obj
d:\project-1\prototype\code\release\modulewelcomescreen.obj
d:\project-1\prototype\code\release\moduletextures.obj
d:\project-1\prototype\code\release\modulescenewater.obj
d:\project-1\prototype\code\release\modulesceneloose.obj
d:\project-1\prototype\code\release\modulesceneair.obj
d:\project-1\prototype\code\release\modulepowerups.obj
d:\project-1\prototype\code\release\moduleplayer.obj
d:\project-1\prototype\code\release\moduleparticles.obj
d:\project-1\prototype\code\release\modulefonts.obj
d:\project-1\prototype\code\release\moduleenemies.obj
d:\project-1\prototype\code\release\modulerender.obj
c:\users\gerard clotet\documents\github\entrega\project-1\prototype\code\release\sdl6 handout.exe
c:\users\gerard clotet\documents\github\entrega\project-1\prototype\code\release\sdl6 handout.pdb
c:\users\gerard clotet\documents\github\entrega\project-1\prototype\code\release\sdl6 handout.ipdb
c:\users\gerard clotet\documents\github\entrega\project-1\prototype\code\release\sdl6 handout.iobj
d:\project-1\prototype\code\release\enemy_fish.obj
d:\project-1\prototype\code\release\moduleui.obj
d:\project-1\prototype\code\release\sdl6 handout.ipdb
d:\project-1\prototype\code\release\sdl6 handout.iobj
d:\project-1\prototype\code\release\sdl6 handout.pdb
d:\project-1\prototype\code\release\sdl6 handout.tlog\cl.command.1.tlog
d:\project-1\prototype\code\release\sdl6 handout.tlog\cl.read.1.tlog
d:\project-1\prototype\code\release\sdl6 handout.tlog\cl.write.1.tlog
d:\project-1\prototype\code\release\sdl6 handout.tlog\link.command.1.tlog
d:\project-1\prototype\code\release\sdl6 handout.tlog\link.read.1.tlog
d:\project-1\prototype\code\release\sdl6 handout.tlog\link.write.1.tlog
d:\project-1\prototype\code\release\sdl6 handout.tlog\sdl6 handout.write.1u.tlog
