c:\users\gerard clotet\documents\github\tengai1\project-1\prototype\code\debug\vc141.pdb
c:\users\gerard clotet\documents\github\tengai1\project-1\prototype\code\debug\vc141.idb
c:\users\gerard clotet\documents\github\tengai1\project-1\prototype\code\debug\application.obj
c:\users\gerard clotet\documents\github\tengai1\project-1\prototype\code\debug\enemy.obj
c:\users\gerard clotet\documents\github\tengai1\project-1\prototype\code\debug\enemy_fish.obj
c:\users\gerard clotet\documents\github\tengai1\project-1\prototype\code\debug\globals.obj
c:\users\gerard clotet\documents\github\tengai1\project-1\prototype\code\debug\main.obj
c:\users\gerard clotet\documents\github\tengai1\project-1\prototype\code\debug\moduleaudio.obj
c:\users\gerard clotet\documents\github\tengai1\project-1\prototype\code\debug\modulecollision.obj
c:\users\gerard clotet\documents\github\tengai1\project-1\prototype\code\debug\moduleenemies.obj
c:\users\gerard clotet\documents\github\tengai1\project-1\prototype\code\debug\modulefadetoblack.obj
c:\users\gerard clotet\documents\github\tengai1\project-1\prototype\code\debug\moduleinput.obj
c:\users\gerard clotet\documents\github\tengai1\project-1\prototype\code\debug\moduleparticles.obj
c:\users\gerard clotet\documents\github\tengai1\project-1\prototype\code\debug\moduleplayer.obj
c:\users\gerard clotet\documents\github\tengai1\project-1\prototype\code\debug\modulerender.obj
c:\users\gerard clotet\documents\github\tengai1\project-1\prototype\code\debug\modulebackground.obj
c:\users\gerard clotet\documents\github\tengai1\project-1\prototype\code\debug\modulesceneair.obj
c:\users\gerard clotet\documents\github\tengai1\project-1\prototype\code\debug\modulescenewater.obj
c:\users\gerard clotet\documents\github\tengai1\project-1\prototype\code\debug\moduletextures.obj
c:\users\gerard clotet\documents\github\tengai1\project-1\prototype\code\debug\modulewelcomescreen.obj
c:\users\gerard clotet\documents\github\tengai1\project-1\prototype\code\debug\modulewindow.obj
c:\users\gerard clotet\documents\github\tengai1\project-1\prototype\code\debug\fish.obj
c:\users\gerard clotet\documents\github\tengai1\project-1\prototype\code\debug\sdl6 handout.exe
c:\users\gerard clotet\documents\github\tengai1\project-1\prototype\code\debug\sdl6 handout.ilk
c:\users\gerard clotet\documents\github\tengai1\project-1\prototype\code\debug\sdl6 handout.pdb
d:\downloads\project-1-master\project-1-master\prototype\code\debug\application.obj
d:\downloads\project-1-master\project-1-master\prototype\code\debug\enemy.obj
d:\downloads\project-1-master\project-1-master\prototype\code\debug\enemy_fish.obj
d:\downloads\project-1-master\project-1-master\prototype\code\debug\fish.obj
d:\downloads\project-1-master\project-1-master\prototype\code\debug\globals.obj
d:\downloads\project-1-master\project-1-master\prototype\code\debug\main.obj
d:\downloads\project-1-master\project-1-master\prototype\code\debug\moduleaudio.obj
d:\downloads\project-1-master\project-1-master\prototype\code\debug\modulebackground.obj
d:\downloads\project-1-master\project-1-master\prototype\code\debug\modulecollision.obj
d:\downloads\project-1-master\project-1-master\prototype\code\debug\moduleenemies.obj
d:\downloads\project-1-master\project-1-master\prototype\code\debug\modulefadetoblack.obj
d:\downloads\project-1-master\project-1-master\prototype\code\debug\moduleinput.obj
d:\downloads\project-1-master\project-1-master\prototype\code\debug\moduleparticles.obj
d:\downloads\project-1-master\project-1-master\prototype\code\debug\moduleplayer.obj
d:\downloads\project-1-master\project-1-master\prototype\code\debug\modulerender.obj
d:\downloads\project-1-master\project-1-master\prototype\code\debug\modulesceneair.obj
d:\downloads\project-1-master\project-1-master\prototype\code\debug\modulescenespace.obj
d:\downloads\project-1-master\project-1-master\prototype\code\debug\modulescenewater.obj
d:\downloads\project-1-master\project-1-master\prototype\code\debug\moduletextures.obj
d:\downloads\project-1-master\project-1-master\prototype\code\debug\modulewelcomescreen.obj
d:\downloads\project-1-master\project-1-master\prototype\code\debug\modulewindow.obj
d:\downloads\project-1-master\project-1-master\prototype\code\debug\sdl6 handout.ilk
d:\downloads\project-1-master\project-1-master\prototype\code\debug\vc141.idb
d:\downloads\project-1-master\project-1-master\prototype\code\debug\prototype.pdb
d:\downloads\project-1-master\project-1-master\prototype\code\debug\sdl6 handout.pdb
d:\downloads\project-1-master\project-1-master\prototype\code\debug\vc141.pdb
d:\downloads\project-1-master\project-1-master\prototype\code\debug\sdl6 handout.exe
d:\downloads\project-1-master\project-1-master\prototype\code\debug\sdl6 handout.tlog\cl.command.1.tlog
d:\downloads\project-1-master\project-1-master\prototype\code\debug\sdl6 handout.tlog\cl.read.1.tlog
d:\downloads\project-1-master\project-1-master\prototype\code\debug\sdl6 handout.tlog\cl.write.1.tlog
d:\downloads\project-1-master\project-1-master\prototype\code\debug\sdl6 handout.tlog\link.command.1.tlog
d:\downloads\project-1-master\project-1-master\prototype\code\debug\sdl6 handout.tlog\link.read.1.tlog
d:\downloads\project-1-master\project-1-master\prototype\code\debug\sdl6 handout.tlog\link.write.1.tlog
